<?xml version="1.0" encoding="UTF-8"?>
<!-- Generated by org.testng.reporters.JUnitReportReporter -->
<testsuite skipped="0" hostname="DESKTOP-3CG77HD" name="com.commproj.testcases.SampleTest_002" tests="1" failures="0" timestamp="01 Feb 2020 05:09:30 GMT" time="0.006" errors="0">
  <testcase name="MessageTest" time="0.006" classname="com.commproj.testcases.SampleTest_002"/>
</testsuite> <!-- com.commproj.testcases.SampleTest_002 -->
