<?xml version="1.0" encoding="UTF-8"?>
<!-- Generated by org.testng.reporters.JUnitReportReporter -->
<testsuite skipped="0" hostname="DESKTOP-3CG77HD" name="com.commproj.testcases.TC_LoginTest_0001" tests="1" failures="0" timestamp="05 Feb 2020 17:50:41 GMT" time="19.037" errors="0">
  <testcase name="login" time="19.037" classname="com.commproj.testcases.TC_LoginTest_0001"/>
</testsuite> <!-- com.commproj.testcases.TC_LoginTest_0001 -->
