<?xml version="1.0" encoding="UTF-8"?>
<!-- Generated by org.testng.reporters.JUnitReportReporter -->
<testsuite skipped="0" hostname="DESKTOP-3CG77HD" name="com.commproj.testcases.TC_AddCustTest_003" tests="1" failures="0" timestamp="10 Feb 2020 06:04:06 GMT" time="44.660" errors="0">
  <testcase name="AddNewCustomer" time="44.660" classname="com.commproj.testcases.TC_AddCustTest_003"/>
</testsuite> <!-- com.commproj.testcases.TC_AddCustTest_003 -->
