<?xml version="1.0" encoding="UTF-8"?>
<!-- Generated by org.testng.reporters.JUnitReportReporter -->
<testsuite skipped="0" hostname="DESKTOP-3CG77HD" name="com.commproj.testcases.TC_LoginTest_0001" tests="1" failures="0" timestamp="10 Feb 2020 04:53:09 GMT" time="27.919" errors="0">
  <testcase name="login" time="27.919" classname="com.commproj.testcases.TC_LoginTest_0001"/>
</testsuite> <!-- com.commproj.testcases.TC_LoginTest_0001 -->
